<?xml version="1.0" encoding="UTF-8"?>
<testsuite name="spolutrean.intro17.console.MainTest" tests="4" skipped="0" failures="0" errors="0" timestamp="2017-12-25T08:16:00" hostname="LAPTOP-BT42LS78" time="0.014">
  <properties/>
  <testcase name="similarToNum" classname="spolutrean.intro17.console.MainTest" time="0.006"/>
  <testcase name="right" classname="spolutrean.intro17.console.MainTest" time="0.004"/>
  <testcase name="numWithLetter" classname="spolutrean.intro17.console.MainTest" time="0.001"/>
  <testcase name="oneWrong" classname="spolutrean.intro17.console.MainTest" time="0.0"/>
  <system-out><![CDATA[]]></system-out>
  <system-err><![CDATA[]]></system-err>
</testsuite>
