<?xml version="1.0" encoding="UTF-8"?>
<testsuite name="MainTest" tests="7" skipped="0" failures="0" errors="0" timestamp="2017-12-25T13:27:48" hostname="DESKTOP-4I5E3BV" time="0.003">
  <properties/>
  <testcase name="testMain" classname="MainTest" time="0.002"/>
  <testcase name="testSumSquare" classname="MainTest" time="0.0"/>
  <testcase name="testSumSquare01" classname="MainTest" time="0.0"/>
  <testcase name="testSumSquare02" classname="MainTest" time="0.0"/>
  <testcase name="testSumSquare03" classname="MainTest" time="0.0"/>
  <testcase name="testSumSquare04" classname="MainTest" time="0.0"/>
  <testcase name="testMain01" classname="MainTest" time="0.0"/>
  <system-out><![CDATA[





]]></system-out>
  <system-err><![CDATA[]]></system-err>
</testsuite>
