<?xml version="1.0" encoding="UTF-8"?>
<testsuite name="MainTest" tests="5" skipped="0" failures="0" errors="0" timestamp="2017-11-29T17:37:41" hostname="DESKTOP-IDD7N9N" time="0.003">
  <properties/>
  <testcase name="testEvenNeg" classname="MainTest" time="0.002"/>
  <testcase name="testEvenPos" classname="MainTest" time="0.0"/>
  <testcase name="testNull" classname="MainTest" time="0.0"/>
  <testcase name="testOddNeg" classname="MainTest" time="0.0"/>
  <testcase name="testOddPos" classname="MainTest" time="0.0"/>
  <system-out><![CDATA[]]></system-out>
  <system-err><![CDATA[]]></system-err>
</testsuite>
